<?xml version="1.0" encoding="UTF-8"?>
<!-- Generated by org.testng.reporters.JUnitXMLReporter -->
<testsuite ignored="3" hostname="GA1-1027170LT" failures="0" tests="1" name="Default test" time="20.796" errors="0" timestamp="2022-03-16T13:48:08 EDT">
  <testcase classname="testCases.LoginTest" name="ExternalDataTest" time="15.729"/>
  <testcase classname="testCases.LoginTest" name="ParameterizedTest" time="0.0">
    <ignored/>
  </testcase> <!-- ParameterizedTest -->
  <testcase classname="testCases.LoginTest" name="LoginSuccessTest" time="0.0">
    <ignored/>
  </testcase> <!-- LoginSuccessTest -->
  <testcase classname="testCases.LoginTest" name="LoginFailureTest" time="0.0">
    <ignored/>
  </testcase> <!-- LoginFailureTest -->
</testsuite> <!-- Default test -->
