<?xml version="1.0" encoding="UTF-8"?>
<!-- Generated by org.testng.reporters.JUnitXMLReporter -->
<testsuite ignored="0" hostname="GA1-1027170LT" failures="0" tests="4" name="Test" time="50.965" errors="0" timestamp="2022-03-17T10:03:39 EDT">
  <testcase classname="testCases.LoginTest" name="ExternalDataTest" time="12.996"/>
  <testcase classname="testCases.LoginTest" name="LoginFailureTest" time="7.272"/>
  <testcase classname="testCases.LoginTest" name="LoginSuccessTest" time="12.903"/>
  <testcase classname="testCases.LoginTest" name="ParameterizedTest" time="4.603"/>
</testsuite> <!-- Test -->
