<?xml version="1.0" encoding="UTF-8"?>
<!-- Generated by org.testng.reporters.JUnitXMLReporter -->
<testsuite ignored="0" hostname="GA1-1027170LT" failures="0" tests="4" name="Test" time="73.08" errors="0" timestamp="2022-03-17T15:08:52 EDT">
  <testcase classname="testCases.LoginTest" name="ExternalDataTest" time="31.104"/>
  <testcase classname="testCases.LoginTest" name="LoginFailureTest" time="11.465"/>
  <testcase classname="testCases.LoginTest" name="LoginSuccessTest" time="9.305"/>
  <testcase classname="testCases.LoginTest" name="ParameterizedTest" time="5.321"/>
</testsuite> <!-- Test -->
