<?xml version="1.0" encoding="UTF-8"?>
<testng-results ignored="0" total="4" passed="4" failed="0" skipped="0">
  <reporter-output>
  </reporter-output>
  <suite started-at="2022-03-17T15:07:39 EDT" name="Suite" finished-at="2022-03-17T15:08:52 EDT" duration-ms="73080">
    <groups>
    </groups>
    <test started-at="2022-03-17T15:07:39 EDT" name="Test" finished-at="2022-03-17T15:08:52 EDT" duration-ms="73080">
      <class name="testCases.LoginTest">
        <test-method is-config="true" signature="DataSetUP()[pri:0, instance:testCases.LoginTest@3fb1549b]" started-at="2022-03-17T15:07:39 EDT" name="DataSetUP" finished-at="2022-03-17T15:07:40 EDT" duration-ms="948" status="PASS">
          <reporter-output>
          </reporter-output>
        </test-method> <!-- DataSetUP -->
        <test-method is-config="true" signature="SetUp()[pri:0, instance:testCases.LoginTest@3fb1549b]" started-at="2022-03-17T15:07:40 EDT" name="SetUp" finished-at="2022-03-17T15:07:44 EDT" duration-ms="3840" status="PASS">
          <reporter-output>
          </reporter-output>
        </test-method> <!-- SetUp -->
        <test-method signature="ExternalDataTest()[pri:0, instance:testCases.LoginTest@3fb1549b]" started-at="2022-03-17T15:07:44 EDT" name="ExternalDataTest" finished-at="2022-03-17T15:08:15 EDT" duration-ms="31104" status="PASS">
          <reporter-output>
          </reporter-output>
        </test-method> <!-- ExternalDataTest -->
        <test-method is-config="true" signature="TearDown()[pri:0, instance:testCases.LoginTest@3fb1549b]" started-at="2022-03-17T15:08:15 EDT" name="TearDown" finished-at="2022-03-17T15:08:15 EDT" duration-ms="297" status="PASS">
          <reporter-output>
          </reporter-output>
        </test-method> <!-- TearDown -->
        <test-method is-config="true" signature="SetUp()[pri:0, instance:testCases.LoginTest@3fb1549b]" started-at="2022-03-17T15:08:15 EDT" name="SetUp" finished-at="2022-03-17T15:08:19 EDT" duration-ms="3285" status="PASS">
          <reporter-output>
          </reporter-output>
        </test-method> <!-- SetUp -->
        <test-method signature="LoginFailureTest()[pri:0, instance:testCases.LoginTest@3fb1549b]" started-at="2022-03-17T15:08:19 EDT" name="LoginFailureTest" finished-at="2022-03-17T15:08:30 EDT" duration-ms="11465" status="PASS">
          <reporter-output>
          </reporter-output>
        </test-method> <!-- LoginFailureTest -->
        <test-method is-config="true" signature="TearDown()[pri:0, instance:testCases.LoginTest@3fb1549b]" started-at="2022-03-17T15:08:30 EDT" name="TearDown" finished-at="2022-03-17T15:08:31 EDT" duration-ms="437" status="PASS">
          <reporter-output>
          </reporter-output>
        </test-method> <!-- TearDown -->
        <test-method is-config="true" signature="SetUp()[pri:0, instance:testCases.LoginTest@3fb1549b]" started-at="2022-03-17T15:08:31 EDT" name="SetUp" finished-at="2022-03-17T15:08:33 EDT" duration-ms="2919" status="PASS">
          <reporter-output>
          </reporter-output>
        </test-method> <!-- SetUp -->
        <test-method signature="LoginSuccessTest()[pri:0, instance:testCases.LoginTest@3fb1549b]" started-at="2022-03-17T15:08:33 EDT" name="LoginSuccessTest" finished-at="2022-03-17T15:08:43 EDT" duration-ms="9305" status="PASS">
          <reporter-output>
          </reporter-output>
        </test-method> <!-- LoginSuccessTest -->
        <test-method is-config="true" signature="TearDown()[pri:0, instance:testCases.LoginTest@3fb1549b]" started-at="2022-03-17T15:08:43 EDT" name="TearDown" finished-at="2022-03-17T15:08:43 EDT" duration-ms="329" status="PASS">
          <reporter-output>
          </reporter-output>
        </test-method> <!-- TearDown -->
        <test-method is-config="true" signature="SetUp()[pri:0, instance:testCases.LoginTest@3fb1549b]" started-at="2022-03-17T15:08:43 EDT" name="SetUp" finished-at="2022-03-17T15:08:46 EDT" duration-ms="2952" status="PASS">
          <reporter-output>
          </reporter-output>
        </test-method> <!-- SetUp -->
        <test-method signature="ParameterizedTest(java.lang.String,java.lang.String)[pri:0, instance:testCases.LoginTest@3fb1549b]" started-at="2022-03-17T15:08:46 EDT" name="ParameterizedTest" finished-at="2022-03-17T15:08:51 EDT" duration-ms="5321" status="PASS">
          <params>
            <param index="0">
              <value>
                <![CDATA[xyz@abc.com]]>
              </value>
            </param>
            <param index="1">
              <value>
                <![CDATA[Abc@123]]>
              </value>
            </param>
          </params>
          <reporter-output>
          </reporter-output>
        </test-method> <!-- ParameterizedTest -->
        <test-method is-config="true" signature="TearDown()[pri:0, instance:testCases.LoginTest@3fb1549b]" started-at="2022-03-17T15:08:51 EDT" name="TearDown" finished-at="2022-03-17T15:08:52 EDT" duration-ms="295" status="PASS">
          <reporter-output>
          </reporter-output>
        </test-method> <!-- TearDown -->
        <test-method is-config="true" signature="DataTearDown()[pri:0, instance:testCases.LoginTest@3fb1549b]" started-at="2022-03-17T15:08:52 EDT" name="DataTearDown" finished-at="2022-03-17T15:08:52 EDT" duration-ms="529" status="PASS">
          <reporter-output>
          </reporter-output>
        </test-method> <!-- DataTearDown -->
      </class> <!-- testCases.LoginTest -->
    </test> <!-- Test -->
  </suite> <!-- Suite -->
</testng-results>
