<?xml version="1.0" encoding="UTF-8"?>
<testng-results ignored="3" total="4" passed="1" failed="0" skipped="0">
  <reporter-output>
  </reporter-output>
  <suite started-at="2022-03-16T13:47:47 EDT" name="Default suite" finished-at="2022-03-16T13:48:08 EDT" duration-ms="20796">
    <groups>
    </groups>
    <test started-at="2022-03-16T13:47:47 EDT" name="Default test" finished-at="2022-03-16T13:48:08 EDT" duration-ms="20796">
      <class name="testCases.LoginTest">
        <test-method is-config="true" signature="DataSetUP()[pri:0, instance:testCases.LoginTest@2fb3536e]" started-at="2022-03-16T13:47:47 EDT" name="DataSetUP" finished-at="2022-03-16T13:47:48 EDT" duration-ms="633" status="PASS">
          <reporter-output>
          </reporter-output>
        </test-method> <!-- DataSetUP -->
        <test-method is-config="true" signature="SetUp()[pri:0, instance:testCases.LoginTest@2fb3536e]" started-at="2022-03-16T13:47:48 EDT" name="SetUp" finished-at="2022-03-16T13:47:52 EDT" duration-ms="3819" status="PASS">
          <reporter-output>
          </reporter-output>
        </test-method> <!-- SetUp -->
        <test-method signature="ExternalDataTest()[pri:0, instance:testCases.LoginTest@2fb3536e]" started-at="2022-03-16T13:47:52 EDT" name="ExternalDataTest" finished-at="2022-03-16T13:48:08 EDT" duration-ms="15729" status="PASS">
          <reporter-output>
          </reporter-output>
        </test-method> <!-- ExternalDataTest -->
        <test-method is-config="true" signature="TearDown()[pri:0, instance:testCases.LoginTest@2fb3536e]" started-at="2022-03-16T13:48:08 EDT" name="TearDown" finished-at="2022-03-16T13:48:08 EDT" duration-ms="340" status="PASS">
          <reporter-output>
          </reporter-output>
        </test-method> <!-- TearDown -->
        <test-method is-config="true" signature="DataTearDown()[pri:0, instance:testCases.LoginTest@2fb3536e]" started-at="2022-03-16T13:48:08 EDT" name="DataTearDown" finished-at="2022-03-16T13:48:08 EDT" duration-ms="235" status="PASS">
          <reporter-output>
          </reporter-output>
        </test-method> <!-- DataTearDown -->
      </class> <!-- testCases.LoginTest -->
    </test> <!-- Default test -->
  </suite> <!-- Default suite -->
</testng-results>
