<?xml version="1.0" encoding="UTF-8"?>
<testng-results ignored="0" total="4" passed="4" failed="0" skipped="0">
  <reporter-output>
  </reporter-output>
  <suite started-at="2022-03-17T10:02:48 EDT" name="Suite" finished-at="2022-03-17T10:03:39 EDT" duration-ms="50965">
    <groups>
    </groups>
    <test started-at="2022-03-17T10:02:48 EDT" name="Test" finished-at="2022-03-17T10:03:39 EDT" duration-ms="50965">
      <class name="testCases.LoginTest">
        <test-method is-config="true" signature="DataSetUP()[pri:0, instance:testCases.LoginTest@4229bb3f]" started-at="2022-03-17T10:02:48 EDT" name="DataSetUP" finished-at="2022-03-17T10:02:49 EDT" duration-ms="590" status="PASS">
          <reporter-output>
          </reporter-output>
        </test-method> <!-- DataSetUP -->
        <test-method is-config="true" signature="SetUp()[pri:0, instance:testCases.LoginTest@4229bb3f]" started-at="2022-03-17T10:02:49 EDT" name="SetUp" finished-at="2022-03-17T10:02:52 EDT" duration-ms="3032" status="PASS">
          <reporter-output>
          </reporter-output>
        </test-method> <!-- SetUp -->
        <test-method signature="ExternalDataTest()[pri:0, instance:testCases.LoginTest@4229bb3f]" started-at="2022-03-17T10:02:52 EDT" name="ExternalDataTest" finished-at="2022-03-17T10:03:05 EDT" duration-ms="12996" status="PASS">
          <reporter-output>
          </reporter-output>
        </test-method> <!-- ExternalDataTest -->
        <test-method is-config="true" signature="TearDown()[pri:0, instance:testCases.LoginTest@4229bb3f]" started-at="2022-03-17T10:03:05 EDT" name="TearDown" finished-at="2022-03-17T10:03:05 EDT" duration-ms="348" status="PASS">
          <reporter-output>
          </reporter-output>
        </test-method> <!-- TearDown -->
        <test-method is-config="true" signature="SetUp()[pri:0, instance:testCases.LoginTest@4229bb3f]" started-at="2022-03-17T10:03:05 EDT" name="SetUp" finished-at="2022-03-17T10:03:09 EDT" duration-ms="3191" status="PASS">
          <reporter-output>
          </reporter-output>
        </test-method> <!-- SetUp -->
        <test-method signature="LoginFailureTest()[pri:0, instance:testCases.LoginTest@4229bb3f]" started-at="2022-03-17T10:03:09 EDT" name="LoginFailureTest" finished-at="2022-03-17T10:03:16 EDT" duration-ms="7272" status="PASS">
          <reporter-output>
          </reporter-output>
        </test-method> <!-- LoginFailureTest -->
        <test-method is-config="true" signature="TearDown()[pri:0, instance:testCases.LoginTest@4229bb3f]" started-at="2022-03-17T10:03:16 EDT" name="TearDown" finished-at="2022-03-17T10:03:16 EDT" duration-ms="193" status="PASS">
          <reporter-output>
          </reporter-output>
        </test-method> <!-- TearDown -->
        <test-method is-config="true" signature="SetUp()[pri:0, instance:testCases.LoginTest@4229bb3f]" started-at="2022-03-17T10:03:16 EDT" name="SetUp" finished-at="2022-03-17T10:03:18 EDT" duration-ms="2316" status="PASS">
          <reporter-output>
          </reporter-output>
        </test-method> <!-- SetUp -->
        <test-method signature="LoginSuccessTest()[pri:0, instance:testCases.LoginTest@4229bb3f]" started-at="2022-03-17T10:03:18 EDT" name="LoginSuccessTest" finished-at="2022-03-17T10:03:31 EDT" duration-ms="12903" status="PASS">
          <reporter-output>
          </reporter-output>
        </test-method> <!-- LoginSuccessTest -->
        <test-method is-config="true" signature="TearDown()[pri:0, instance:testCases.LoginTest@4229bb3f]" started-at="2022-03-17T10:03:31 EDT" name="TearDown" finished-at="2022-03-17T10:03:32 EDT" duration-ms="264" status="PASS">
          <reporter-output>
          </reporter-output>
        </test-method> <!-- TearDown -->
        <test-method is-config="true" signature="SetUp()[pri:0, instance:testCases.LoginTest@4229bb3f]" started-at="2022-03-17T10:03:32 EDT" name="SetUp" finished-at="2022-03-17T10:03:34 EDT" duration-ms="2703" status="PASS">
          <reporter-output>
          </reporter-output>
        </test-method> <!-- SetUp -->
        <test-method signature="ParameterizedTest(java.lang.String,java.lang.String)[pri:0, instance:testCases.LoginTest@4229bb3f]" started-at="2022-03-17T10:03:34 EDT" name="ParameterizedTest" finished-at="2022-03-17T10:03:39 EDT" duration-ms="4603" status="PASS">
          <params>
            <param index="0">
              <value>
                <![CDATA[xyz@abc.com]]>
              </value>
            </param>
            <param index="1">
              <value>
                <![CDATA[Abc@123]]>
              </value>
            </param>
          </params>
          <reporter-output>
          </reporter-output>
        </test-method> <!-- ParameterizedTest -->
        <test-method is-config="true" signature="TearDown()[pri:0, instance:testCases.LoginTest@4229bb3f]" started-at="2022-03-17T10:03:39 EDT" name="TearDown" finished-at="2022-03-17T10:03:39 EDT" duration-ms="272" status="PASS">
          <reporter-output>
          </reporter-output>
        </test-method> <!-- TearDown -->
        <test-method is-config="true" signature="DataTearDown()[pri:0, instance:testCases.LoginTest@4229bb3f]" started-at="2022-03-17T10:03:39 EDT" name="DataTearDown" finished-at="2022-03-17T10:03:39 EDT" duration-ms="243" status="PASS">
          <reporter-output>
          </reporter-output>
        </test-method> <!-- DataTearDown -->
      </class> <!-- testCases.LoginTest -->
    </test> <!-- Test -->
  </suite> <!-- Suite -->
</testng-results>
